<?xml version="1.0" encoding="UTF-8"?>
<robot generator="Robot 5.0.1 (Python 3.10.8 on darwin)" generated="20221109 18:33:20.858" rpa="false" schemaversion="3">
<suite id="s1" name="HomePage" source="/Users/kabili/pyproject/assignment-final-charles/evernote_app/post_blog_app/tests/HomePage.robot">
<kw name="Go to Website" type="SETUP">
<doc>This test case verify user can visit the Website</doc>
<kw name="Open Browser" library="SeleniumLibrary">
<arg>${URL}</arg>
<arg>${Broswer}</arg>
<doc>Opens a new browser instance to the optional ``url``.</doc>
<msg timestamp="20221109 18:33:20.947" level="INFO">Opening browser 'chrome' to base url 'http://127.0.0.1:5000'.</msg>
<status status="PASS" starttime="20221109 18:33:20.947" endtime="20221109 18:33:24.309"/>
</kw>
<kw name="Page Should Contain" library="SeleniumLibrary">
<arg>Welcome to EverNote</arg>
<doc>Verifies that current page contains ``text``.</doc>
<msg timestamp="20221109 18:33:24.327" level="INFO">Current page contains text 'Welcome to EverNote'.</msg>
<status status="PASS" starttime="20221109 18:33:24.309" endtime="20221109 18:33:24.327"/>
</kw>
<status status="PASS" starttime="20221109 18:33:20.947" endtime="20221109 18:33:24.327"/>
</kw>
<test id="s1-t1" name="T101 Homepage Link test_Evernote" line="15">
<kw name="Set Selenium Speed" library="SeleniumLibrary" type="SETUP">
<arg>0.1 seconds</arg>
<doc>Sets the delay that is waited after each Selenium command.</doc>
<status status="PASS" starttime="20221109 18:33:24.328" endtime="20221109 18:33:24.329"/>
</kw>
<kw name="Click Link" library="SeleniumLibrary">
<arg>EverNote</arg>
<doc>Clicks a link identified by ``locator``.</doc>
<msg timestamp="20221109 18:33:24.329" level="INFO">Clicking link 'EverNote'.</msg>
<status status="PASS" starttime="20221109 18:33:24.329" endtime="20221109 18:33:24.736"/>
</kw>
<kw name="Page Should Contain" library="SeleniumLibrary">
<arg>Welcome to EverNote</arg>
<doc>Verifies that current page contains ``text``.</doc>
<msg timestamp="20221109 18:33:24.957" level="INFO">Current page contains text 'Welcome to EverNote'.</msg>
<status status="PASS" starttime="20221109 18:33:24.736" endtime="20221109 18:33:24.957"/>
</kw>
<doc>Go to EverNote Page</doc>
<status status="PASS" starttime="20221109 18:33:24.327" endtime="20221109 18:33:24.958"/>
</test>
<test id="s1-t2" name="T102 Homepage Link test_Home" line="20">
<kw name="Set Selenium Speed" library="SeleniumLibrary" type="SETUP">
<arg>0.1 seconds</arg>
<doc>Sets the delay that is waited after each Selenium command.</doc>
<status status="PASS" starttime="20221109 18:33:24.961" endtime="20221109 18:33:24.961"/>
</kw>
<kw name="Click Link" library="SeleniumLibrary">
<arg>Home</arg>
<doc>Clicks a link identified by ``locator``.</doc>
<msg timestamp="20221109 18:33:24.964" level="INFO">Clicking link 'Home'.</msg>
<status status="PASS" starttime="20221109 18:33:24.962" endtime="20221109 18:33:25.350"/>
</kw>
<kw name="Page Should Contain" library="SeleniumLibrary">
<arg>Welcome to EverNote</arg>
<doc>Verifies that current page contains ``text``.</doc>
<msg timestamp="20221109 18:33:25.574" level="INFO">Current page contains text 'Welcome to EverNote'.</msg>
<status status="PASS" starttime="20221109 18:33:25.351" endtime="20221109 18:33:25.574"/>
</kw>
<doc>Go to Home Page</doc>
<status status="PASS" starttime="20221109 18:33:24.959" endtime="20221109 18:33:25.575"/>
</test>
<test id="s1-t3" name="T103 Homepage Link test_POST" line="25">
<kw name="Set Selenium Speed" library="SeleniumLibrary" type="SETUP">
<arg>0.1 seconds</arg>
<doc>Sets the delay that is waited after each Selenium command.</doc>
<status status="PASS" starttime="20221109 18:33:25.577" endtime="20221109 18:33:25.577"/>
</kw>
<kw name="Click Link" library="SeleniumLibrary">
<arg>Posts</arg>
<doc>Clicks a link identified by ``locator``.</doc>
<msg timestamp="20221109 18:33:25.578" level="INFO">Clicking link 'Posts'.</msg>
<status status="PASS" starttime="20221109 18:33:25.577" endtime="20221109 18:33:26.003"/>
</kw>
<kw name="Location Should Be" library="SeleniumLibrary">
<arg>http://127.0.0.1:5000/posts</arg>
<doc>Verifies that the current URL is exactly ``url``.</doc>
<msg timestamp="20221109 18:33:26.111" level="INFO">Current location is 'http://127.0.0.1:5000/posts'.</msg>
<status status="PASS" starttime="20221109 18:33:26.003" endtime="20221109 18:33:26.111"/>
</kw>
<doc>Go to Post Page</doc>
<status status="PASS" starttime="20221109 18:33:25.576" endtime="20221109 18:33:26.112"/>
</test>
<test id="s1-t4" name="T103 Homepage Link test_Account" line="30">
<kw name="Set Selenium Speed" library="SeleniumLibrary" type="SETUP">
<arg>0.1 seconds</arg>
<doc>Sets the delay that is waited after each Selenium command.</doc>
<status status="PASS" starttime="20221109 18:33:26.114" endtime="20221109 18:33:26.114"/>
</kw>
<kw name="Click Link" library="SeleniumLibrary">
<arg>Account</arg>
<doc>Clicks a link identified by ``locator``.</doc>
<msg timestamp="20221109 18:33:26.114" level="INFO">Clicking link 'Account'.</msg>
<status status="PASS" starttime="20221109 18:33:26.114" endtime="20221109 18:33:26.541"/>
</kw>
<kw name="Location Should Be" library="SeleniumLibrary">
<arg>http://127.0.0.1:5000/login?next=%2Faccount</arg>
<doc>Verifies that the current URL is exactly ``url``.</doc>
<msg timestamp="20221109 18:33:26.649" level="INFO">Current location is 'http://127.0.0.1:5000/login?next=%2Faccount'.</msg>
<status status="PASS" starttime="20221109 18:33:26.541" endtime="20221109 18:33:26.650"/>
</kw>
<doc>Go to Account Page (guest mode)</doc>
<status status="PASS" starttime="20221109 18:33:26.113" endtime="20221109 18:33:26.650"/>
</test>
<test id="s1-t5" name="T104 Homepage Link test_Log in" line="35">
<kw name="Set Selenium Speed" library="SeleniumLibrary" type="SETUP">
<arg>0.1 seconds</arg>
<doc>Sets the delay that is waited after each Selenium command.</doc>
<status status="PASS" starttime="20221109 18:33:26.652" endtime="20221109 18:33:26.653"/>
</kw>
<kw name="Click Link" library="SeleniumLibrary">
<arg>Login</arg>
<doc>Clicks a link identified by ``locator``.</doc>
<msg timestamp="20221109 18:33:26.653" level="INFO">Clicking link 'Login'.</msg>
<status status="PASS" starttime="20221109 18:33:26.653" endtime="20221109 18:33:27.046"/>
</kw>
<kw name="Location Should Be" library="SeleniumLibrary">
<arg>http://127.0.0.1:5000/login</arg>
<doc>Verifies that the current URL is exactly ``url``.</doc>
<msg timestamp="20221109 18:33:27.154" level="INFO">Current location is 'http://127.0.0.1:5000/login'.</msg>
<status status="PASS" starttime="20221109 18:33:27.046" endtime="20221109 18:33:27.155"/>
</kw>
<doc>Go to Log in Page (guest mode)</doc>
<status status="PASS" starttime="20221109 18:33:26.651" endtime="20221109 18:33:27.155"/>
</test>
<test id="s1-t6" name="T105 Homepage Link test_Register" line="40">
<kw name="Set Selenium Speed" library="SeleniumLibrary" type="SETUP">
<arg>0.1 seconds</arg>
<doc>Sets the delay that is waited after each Selenium command.</doc>
<status status="PASS" starttime="20221109 18:33:27.157" endtime="20221109 18:33:27.158"/>
</kw>
<kw name="Click Link" library="SeleniumLibrary">
<arg>Register</arg>
<doc>Clicks a link identified by ``locator``.</doc>
<msg timestamp="20221109 18:33:27.158" level="INFO">Clicking link 'Register'.</msg>
<status status="PASS" starttime="20221109 18:33:27.158" endtime="20221109 18:33:27.547"/>
</kw>
<kw name="Location Should Be" library="SeleniumLibrary">
<arg>http://127.0.0.1:5000/register</arg>
<doc>Verifies that the current URL is exactly ``url``.</doc>
<msg timestamp="20221109 18:33:27.655" level="INFO">Current location is 'http://127.0.0.1:5000/register'.</msg>
<status status="PASS" starttime="20221109 18:33:27.547" endtime="20221109 18:33:27.656"/>
</kw>
<doc>Go to Register Page (guest mode)</doc>
<status status="PASS" starttime="20221109 18:33:27.156" endtime="20221109 18:33:27.657"/>
</test>
<test id="s1-t7" name="T106 Homepage Link test_twitter" line="45">
<kw name="Set Selenium Speed" library="SeleniumLibrary" type="SETUP">
<arg>0.1 seconds</arg>
<doc>Sets the delay that is waited after each Selenium command.</doc>
<status status="PASS" starttime="20221109 18:33:27.659" endtime="20221109 18:33:27.659"/>
</kw>
<kw name="Click Outer-Link Image">
<arg>Twitter Logo</arg>
<kw name="Click Image" library="SeleniumLibrary">
<arg>${image_name}</arg>
<doc>Clicks an image identified by ``locator``.</doc>
<msg timestamp="20221109 18:33:27.660" level="INFO">Clicking image 'Twitter Logo'.</msg>
<status status="PASS" starttime="20221109 18:33:27.660" endtime="20221109 18:33:28.046"/>
</kw>
<kw name="Switch Window" library="SeleniumLibrary">
<arg>New</arg>
<doc>Switches to browser window matching ``locator``.</doc>
<status status="PASS" starttime="20221109 18:33:28.046" endtime="20221109 18:33:28.471"/>
</kw>
<status status="PASS" starttime="20221109 18:33:27.660" endtime="20221109 18:33:28.472"/>
</kw>
<kw name="Outer Link Contain">
<arg>https://twitter.com/SatabrataYo</arg>
<kw name="Location Should Contain" library="SeleniumLibrary">
<arg>${image_url}</arg>
<doc>Verifies that the current URL contains ``expected``.</doc>
<msg timestamp="20221109 18:33:29.871" level="INFO">Current location contains 'https://twitter.com/SatabrataYo'.</msg>
<status status="PASS" starttime="20221109 18:33:28.472" endtime="20221109 18:33:29.871"/>
</kw>
<status status="PASS" starttime="20221109 18:33:28.472" endtime="20221109 18:33:29.871"/>
</kw>
<kw name="Switch Window" library="SeleniumLibrary">
<arg>Main</arg>
<doc>Switches to browser window matching ``locator``.</doc>
<status status="PASS" starttime="20221109 18:33:29.871" endtime="20221109 18:33:30.192"/>
</kw>
<doc>Go to twitter Page</doc>
<status status="PASS" starttime="20221109 18:33:27.658" endtime="20221109 18:33:30.192"/>
</test>
<test id="s1-t8" name="T107 Homepage Link test_Linkedin" line="51">
<kw name="Set Selenium Speed" library="SeleniumLibrary" type="SETUP">
<arg>0.1 seconds</arg>
<doc>Sets the delay that is waited after each Selenium command.</doc>
<status status="PASS" starttime="20221109 18:33:30.192" endtime="20221109 18:33:30.193"/>
</kw>
<kw name="Click Outer-Link Image">
<arg>Linkedin Logo</arg>
<kw name="Click Image" library="SeleniumLibrary">
<arg>${image_name}</arg>
<doc>Clicks an image identified by ``locator``.</doc>
<msg timestamp="20221109 18:33:30.193" level="INFO">Clicking image 'Linkedin Logo'.</msg>
<status status="PASS" starttime="20221109 18:33:30.193" endtime="20221109 18:33:30.557"/>
</kw>
<kw name="Switch Window" library="SeleniumLibrary">
<arg>New</arg>
<doc>Switches to browser window matching ``locator``.</doc>
<status status="PASS" starttime="20221109 18:33:30.557" endtime="20221109 18:33:30.983"/>
</kw>
<status status="PASS" starttime="20221109 18:33:30.193" endtime="20221109 18:33:30.983"/>
</kw>
<kw name="Outer Link Contain">
<arg>https://www.linkedin.com/</arg>
<kw name="Location Should Contain" library="SeleniumLibrary">
<arg>${image_url}</arg>
<doc>Verifies that the current URL contains ``expected``.</doc>
<msg timestamp="20221109 18:33:31.670" level="INFO">Current location contains 'https://www.linkedin.com/'.</msg>
<status status="PASS" starttime="20221109 18:33:30.984" endtime="20221109 18:33:31.671"/>
</kw>
<status status="PASS" starttime="20221109 18:33:30.983" endtime="20221109 18:33:31.671"/>
</kw>
<kw name="Switch Window" library="SeleniumLibrary">
<arg>Main</arg>
<doc>Switches to browser window matching ``locator``.</doc>
<status status="PASS" starttime="20221109 18:33:31.671" endtime="20221109 18:33:31.993"/>
</kw>
<doc>This is to go to linkedin Page</doc>
<status status="PASS" starttime="20221109 18:33:30.192" endtime="20221109 18:33:31.993"/>
</test>
<test id="s1-t9" name="T108 Homepage Link test_Facebook" line="57">
<kw name="Set Selenium Speed" library="SeleniumLibrary" type="SETUP">
<arg>0.1 seconds</arg>
<doc>Sets the delay that is waited after each Selenium command.</doc>
<status status="PASS" starttime="20221109 18:33:31.993" endtime="20221109 18:33:31.993"/>
</kw>
<kw name="Click Outer-Link Image">
<arg>Facebook Logo</arg>
<kw name="Click Image" library="SeleniumLibrary">
<arg>${image_name}</arg>
<doc>Clicks an image identified by ``locator``.</doc>
<msg timestamp="20221109 18:33:31.994" level="INFO">Clicking image 'Facebook Logo'.</msg>
<status status="PASS" starttime="20221109 18:33:31.994" endtime="20221109 18:33:32.345"/>
</kw>
<kw name="Switch Window" library="SeleniumLibrary">
<arg>New</arg>
<doc>Switches to browser window matching ``locator``.</doc>
<status status="PASS" starttime="20221109 18:33:32.345" endtime="20221109 18:33:32.766"/>
</kw>
<status status="PASS" starttime="20221109 18:33:31.993" endtime="20221109 18:33:32.766"/>
</kw>
<kw name="Outer Link Contain">
<arg>https://www.facebook.com/satabrata.paul</arg>
<kw name="Location Should Contain" library="SeleniumLibrary">
<arg>${image_url}</arg>
<doc>Verifies that the current URL contains ``expected``.</doc>
<msg timestamp="20221109 18:33:34.276" level="INFO">Current location contains 'https://www.facebook.com/satabrata.paul'.</msg>
<status status="PASS" starttime="20221109 18:33:32.766" endtime="20221109 18:33:34.276"/>
</kw>
<status status="PASS" starttime="20221109 18:33:32.766" endtime="20221109 18:33:34.276"/>
</kw>
<kw name="Switch Window" library="SeleniumLibrary">
<arg>Main</arg>
<doc>Switches to browser window matching ``locator``.</doc>
<status status="PASS" starttime="20221109 18:33:34.277" endtime="20221109 18:33:34.596"/>
</kw>
<doc>This is to go to Facebook Page</doc>
<status status="PASS" starttime="20221109 18:33:31.993" endtime="20221109 18:33:34.597"/>
</test>
<test id="s1-t10" name="T109 Homepage Link test_Github" line="63">
<kw name="Set Selenium Speed" library="SeleniumLibrary" type="SETUP">
<arg>0.1 seconds</arg>
<doc>Sets the delay that is waited after each Selenium command.</doc>
<status status="PASS" starttime="20221109 18:33:34.598" endtime="20221109 18:33:34.598"/>
</kw>
<kw name="Click Outer-Link Image">
<arg>Github-logo</arg>
<kw name="Click Image" library="SeleniumLibrary">
<arg>${image_name}</arg>
<doc>Clicks an image identified by ``locator``.</doc>
<msg timestamp="20221109 18:33:34.598" level="INFO">Clicking image 'Github-logo'.</msg>
<status status="PASS" starttime="20221109 18:33:34.598" endtime="20221109 18:33:34.960"/>
</kw>
<kw name="Switch Window" library="SeleniumLibrary">
<arg>New</arg>
<doc>Switches to browser window matching ``locator``.</doc>
<status status="PASS" starttime="20221109 18:33:34.960" endtime="20221109 18:33:35.387"/>
</kw>
<status status="PASS" starttime="20221109 18:33:34.598" endtime="20221109 18:33:35.387"/>
</kw>
<kw name="Outer Link Contain">
<arg>https://github.com/SatabrataPaul-GitAc/EverNote_application</arg>
<kw name="Location Should Contain" library="SeleniumLibrary">
<arg>${image_url}</arg>
<doc>Verifies that the current URL contains ``expected``.</doc>
<msg timestamp="20221109 18:33:37.836" level="INFO">Current location contains 'https://github.com/SatabrataPaul-GitAc/EverNote_application'.</msg>
<status status="PASS" starttime="20221109 18:33:35.388" endtime="20221109 18:33:37.836"/>
</kw>
<status status="PASS" starttime="20221109 18:33:35.388" endtime="20221109 18:33:37.837"/>
</kw>
<kw name="Switch Window" library="SeleniumLibrary">
<arg>Main</arg>
<doc>Switches to browser window matching ``locator``.</doc>
<status status="PASS" starttime="20221109 18:33:37.837" endtime="20221109 18:33:38.160"/>
</kw>
<doc>This is to go to Github Page</doc>
<status status="PASS" starttime="20221109 18:33:34.597" endtime="20221109 18:33:38.160"/>
</test>
<test id="s1-t11" name="T110 Homepage Link test_latest posts in Navigator" line="69">
<kw name="Set Selenium Speed" library="SeleniumLibrary" type="SETUP">
<arg>0.1 seconds</arg>
<doc>Sets the delay that is waited after each Selenium command.</doc>
<status status="PASS" starttime="20221109 18:33:38.161" endtime="20221109 18:33:38.161"/>
</kw>
<kw name="Click Link" library="SeleniumLibrary">
<arg>Latest Posts</arg>
<doc>Clicks a link identified by ``locator``.</doc>
<msg timestamp="20221109 18:33:38.162" level="INFO">Clicking link 'Latest Posts'.</msg>
<status status="PASS" starttime="20221109 18:33:38.161" endtime="20221109 18:33:38.562"/>
</kw>
<kw name="Location Should Be" library="SeleniumLibrary">
<arg>http://127.0.0.1:5000/evernote/latestposts</arg>
<doc>Verifies that the current URL is exactly ``url``.</doc>
<msg timestamp="20221109 18:33:38.670" level="INFO">Current location is 'http://127.0.0.1:5000/evernote/latestposts'.</msg>
<status status="PASS" starttime="20221109 18:33:38.562" endtime="20221109 18:33:38.670"/>
</kw>
<status status="PASS" starttime="20221109 18:33:38.160" endtime="20221109 18:33:38.671"/>
</test>
<kw name="Close Browser" library="SeleniumLibrary" type="TEARDOWN">
<doc>Closes the current browser.</doc>
<status status="PASS" starttime="20221109 18:33:38.672" endtime="20221109 18:33:38.834"/>
</kw>
<doc>Website Test</doc>
<status status="PASS" starttime="20221109 18:33:20.859" endtime="20221109 18:33:38.834"/>
</suite>
<statistics>
<total>
<stat pass="11" fail="0" skip="0">All Tests</stat>
</total>
<tag>
</tag>
<suite>
<stat pass="11" fail="0" skip="0" id="s1" name="HomePage">HomePage</stat>
</suite>
</statistics>
<errors>
</errors>
</robot>
