<?xml version="1.0" encoding="UTF-8"?>
<robot generator="Robot 5.0.1 (Python 3.10.8 on darwin)" generated="20221109 16:21:04.428" rpa="false" schemaversion="3">
<suite id="s1" name="HomePage" source="/Users/kabili/pyproject/assignment-final-charles/evernote_app/post_blog_app/tests/HomePage.robot">
<kw name="Go to Website" type="SETUP">
<doc>This test case verify user can visit the Website</doc>
<kw name="Open Browser" library="SeleniumLibrary">
<arg>${URL}</arg>
<arg>${Broswer}</arg>
<doc>Opens a new browser instance to the optional ``url``.</doc>
<msg timestamp="20221109 16:21:04.505" level="INFO">Opening browser 'chrome' to base url 'http://127.0.0.1:5000'.</msg>
<status status="PASS" starttime="20221109 16:21:04.504" endtime="20221109 16:21:07.142"/>
</kw>
<kw name="Page Should Contain" library="SeleniumLibrary">
<arg>Welcome to EverNote</arg>
<doc>Verifies that current page contains ``text``.</doc>
<msg timestamp="20221109 16:21:07.153" level="INFO">Current page contains text 'Welcome to EverNote'.</msg>
<status status="PASS" starttime="20221109 16:21:07.143" endtime="20221109 16:21:07.153"/>
</kw>
<status status="PASS" starttime="20221109 16:21:04.504" endtime="20221109 16:21:07.153"/>
</kw>
<test id="s1-t1" name="T101 Homepage Link test_Evernote" line="27">
<kw name="Set Selenium Speed" library="SeleniumLibrary" type="SETUP">
<arg>0.1 seconds</arg>
<doc>Sets the delay that is waited after each Selenium command.</doc>
<status status="PASS" starttime="20221109 16:21:07.154" endtime="20221109 16:21:07.154"/>
</kw>
<kw name="Click Link" library="SeleniumLibrary">
<arg>EverNote</arg>
<doc>Clicks a link identified by ``locator``.</doc>
<msg timestamp="20221109 16:21:07.154" level="INFO">Clicking link 'EverNote'.</msg>
<status status="PASS" starttime="20221109 16:21:07.154" endtime="20221109 16:21:07.549"/>
</kw>
<kw name="Page Should Contain" library="SeleniumLibrary">
<arg>Welcome to EverNote</arg>
<doc>Verifies that current page contains ``text``.</doc>
<msg timestamp="20221109 16:21:07.763" level="INFO">Current page contains text 'Welcome to EverNote'.</msg>
<status status="PASS" starttime="20221109 16:21:07.549" endtime="20221109 16:21:07.763"/>
</kw>
<doc>This is to go to EverNote Page</doc>
<status status="PASS" starttime="20221109 16:21:07.153" endtime="20221109 16:21:07.763"/>
</test>
<test id="s1-t2" name="T106 Homepage Link test_twitter" line="57">
<kw name="Set Selenium Speed" library="SeleniumLibrary" type="SETUP">
<arg>0.1 seconds</arg>
<doc>Sets the delay that is waited after each Selenium command.</doc>
<status status="PASS" starttime="20221109 16:21:07.765" endtime="20221109 16:21:07.765"/>
</kw>
<kw name="Click Image" library="SeleniumLibrary">
<arg>Twitter Logo</arg>
<doc>Clicks an image identified by ``locator``.</doc>
<msg timestamp="20221109 16:21:07.766" level="INFO">Clicking image 'Twitter Logo'.</msg>
<status status="PASS" starttime="20221109 16:21:07.766" endtime="20221109 16:21:08.157"/>
</kw>
<kw name="Page Should Contain Link" library="SeleniumLibrary">
<arg>https://twitter.com/SatabrataYo</arg>
<doc>Verifies link identified by ``locator`` is found from current page.</doc>
<msg timestamp="20221109 16:21:08.373" level="INFO">Current page contains link 'https://twitter.com/SatabrataYo'.</msg>
<status status="PASS" starttime="20221109 16:21:08.157" endtime="20221109 16:21:08.373"/>
</kw>
<kw name="Switch Window" library="SeleniumLibrary">
<arg>NEW</arg>
<doc>Switches to browser window matching ``locator``.</doc>
<status status="PASS" starttime="20221109 16:21:08.374" endtime="20221109 16:21:08.805"/>
</kw>
<doc>This is to go to twitter Page</doc>
<status status="PASS" starttime="20221109 16:21:07.764" endtime="20221109 16:21:08.806"/>
</test>
<doc>Website Test</doc>
<status status="PASS" starttime="20221109 16:21:04.429" endtime="20221109 16:21:08.806"/>
</suite>
<statistics>
<total>
<stat pass="2" fail="0" skip="0">All Tests</stat>
</total>
<tag>
</tag>
<suite>
<stat pass="2" fail="0" skip="0" id="s1" name="HomePage">HomePage</stat>
</suite>
</statistics>
<errors>
</errors>
</robot>
